0 info it worked if it ends with ok
1 verbose cli [ '/usr/local/bin/node', '/usr/local/bin/npm', 'run', 'fe-test' ]
2 info using npm@3.9.5
3 info using node@v6.2.2
4 verbose run-script [ 'prefe-test', 'fe-test', 'postfe-test' ]
5 info lifecycle hangman@1.0.0~prefe-test: hangman@1.0.0
6 silly lifecycle hangman@1.0.0~prefe-test: no script for prefe-test, continuing
7 info lifecycle hangman@1.0.0~fe-test: hangman@1.0.0
8 verbose lifecycle hangman@1.0.0~fe-test: unsafe-perm in lifecycle true
9 verbose lifecycle hangman@1.0.0~fe-test: PATH: /usr/local/lib/node_modules/npm/bin/node-gyp-bin:/Users/CCYang/workspace/mks/reptile-hangman/node_modules/.bin:/usr/local/bin:/usr/local/bin:/usr/bin:/bin:/usr/sbin:/sbin:/usr/local/CrossPack-AVR/bin:/Users/CCYang/Dev/apache-tomcat-8.0.30/bin:/Users/CCYang/Dev/apache-maven-3.3.9/bin
10 verbose lifecycle hangman@1.0.0~fe-test: CWD: /Users/CCYang/workspace/mks/reptile-hangman
11 silly lifecycle hangman@1.0.0~fe-test: Args: [ '-c',
11 silly lifecycle   'mocha --compilers js:babel-core/register --require client/test/ClientSpec.js' ]
12 silly lifecycle hangman@1.0.0~fe-test: Returned: code: 1  signal: null
13 info lifecycle hangman@1.0.0~fe-test: Failed to exec fe-test script
14 verbose stack Error: hangman@1.0.0 fe-test: `mocha --compilers js:babel-core/register --require client/test/ClientSpec.js`
14 verbose stack Exit status 1
14 verbose stack     at EventEmitter.<anonymous> (/usr/local/lib/node_modules/npm/lib/utils/lifecycle.js:245:16)
14 verbose stack     at emitTwo (events.js:106:13)
14 verbose stack     at EventEmitter.emit (events.js:191:7)
14 verbose stack     at ChildProcess.<anonymous> (/usr/local/lib/node_modules/npm/lib/utils/spawn.js:24:14)
14 verbose stack     at emitTwo (events.js:106:13)
14 verbose stack     at ChildProcess.emit (events.js:191:7)
14 verbose stack     at maybeClose (internal/child_process.js:852:16)
14 verbose stack     at Process.ChildProcess._handle.onexit (internal/child_process.js:215:5)
15 verbose pkgid hangman@1.0.0
16 verbose cwd /Users/CCYang/workspace/mks/reptile-hangman
17 error Darwin 15.6.0
18 error argv "/usr/local/bin/node" "/usr/local/bin/npm" "run" "fe-test"
19 error node v6.2.2
20 error npm  v3.9.5
21 error code ELIFECYCLE
22 error hangman@1.0.0 fe-test: `mocha --compilers js:babel-core/register --require client/test/ClientSpec.js`
22 error Exit status 1
23 error Failed at the hangman@1.0.0 fe-test script 'mocha --compilers js:babel-core/register --require client/test/ClientSpec.js'.
23 error Make sure you have the latest version of node.js and npm installed.
23 error If you do, this is most likely a problem with the hangman package,
23 error not with npm itself.
23 error Tell the author that this fails on your system:
23 error     mocha --compilers js:babel-core/register --require client/test/ClientSpec.js
23 error You can get information on how to open an issue for this project with:
23 error     npm bugs hangman
23 error Or if that isn't available, you can get their info via:
23 error     npm owner ls hangman
23 error There is likely additional logging output above.
24 verbose exit [ 1, true ]
